<?xml version="1.0" encoding="UTF-8"?>
<testsuite name="tests.ReqresInTests" tests="1" skipped="0" failures="0" errors="0" timestamp="2022-08-20T13:41:39" hostname="Anastasias-MacBook-Pro.local" time="4.125">
  <properties/>
  <testcase name="LoginTests()" classname="tests.ReqresInTests" time="4.125"/>
  <system-out><![CDATA[Request URI:	https://reqres.in/api/login
Body:
{
    "email": "eve.holt@reqres.in",
    "password": "cityslicka"
}
HTTP/1.1 200 OK
{
    "token": "QpwL5tke4Pnpja7X4"
}
]]></system-out>
  <system-err><![CDATA[]]></system-err>
</testsuite>
