<?xml version="1.0" encoding="UTF-8"?>
<testsuite name="demowebshop.DemoWebShopTests" tests="4" skipped="0" failures="0" errors="0" timestamp="2022-08-20T15:48:58" hostname="Anastasias-MacBook-Pro.local" time="28.852">
  <properties/>
  <testcase name="User registration UI Page Object tests" classname="demowebshop.DemoWebShopTests" time="13.713"/>
  <testcase name="Edit user account API+UI lambda step tests" classname="demowebshop.DemoWebShopTests" time="10.927"/>
  <testcase name="Add to shopping cart API test" classname="demowebshop.DemoWebShopTests" time="1.921"/>
  <testcase name="Successfully authorized user API+UI test" classname="demowebshop.DemoWebShopTests" time="2.168"/>
  <system-out><![CDATA[Request method:	POST
Request URI:	http://demowebshop.tricentis.com/login
Proxy:			<none>
Request params:	<none>
Query params:	<none>
Form params:	Email=testAna@example.com
				Password=123456
Path params:	<none>
Headers:		Accept=*/*
				Content-Type=application/x-www-form-urlencoded; charset=UTF-8
Cookies:		<none>
Multiparts:		<none>
Body:			<none>
HTTP/1.1 302 Found
Content-Length: 118
Content-Type: text/html; charset=utf-8
Date: Sat, 20 Aug 2022 15:49:12 GMT
Server: Microsoft-IIS/10.0
Cache-Control: private
Location: /
Set-Cookie: Nop.customer=6973cd89-15ab-4090-9243-784302cec5db; expires=Sun, 20-Aug-2023 15:49:13 GMT; path=/; HttpOnly
Set-Cookie: NOPCOMMERCE.AUTH=1C42B9EDC1571092950268F02BB2226E89A2574716CA33C2012DC958EAEBCAF658AB4139DF47C7D174662EF99A0177C345FF8F59469ADF32301C15763CEE6508496AFB768CEDD0C7ED4F9BE2AF41B616C3A9ECFC2B910A85B0258D666C8F9B3B9E1573CAE2E70BBE5A31DC2BB10B805F4AAEE4287C02786AC37AD2106475735F87D6A7F62D0C47483A5E012AD991B9C818A7E3C707D2D273294A1C8F5D8F3542; path=/; HttpOnly
Set-Cookie: ARRAffinity=92eb765899e80d8de4d490df907547e5cb10de899e8b754a4d5fa1a7122fad69;Path=/;HttpOnly;Domain=demowebshop.tricentis.com
X-AspNetMvc-Version: 5.2
X-AspNet-Version: 4.0.30319
X-Powered-By: ASP.NET

<html>
  <head>
    <title>Object moved</title>
  </head>
  <body>
    <h2>
Object moved to       <a shape="rect" href="/">here</a>
.    </h2>
  </body>
</html>
Request method:	POST
Request URI:	http://demowebshop.tricentis.com/addproducttocart/details/13/1
Proxy:			<none>
Request params:	<none>
Query params:	<none>
Form params:	<none>
Path params:	<none>
Headers:		Accept=*/*
				Content-Type=application/x-www-form-urlencoded; charset=UTF-8
Cookies:		Nop.customer=c41f50fe-b033-4922-ac6c-f458006014dc;=null
Multiparts:		<none>
Body:
addtocart_13.EnteredQuantity=1
HTTP/1.1 200 OK
Content-Length: 782
Content-Type: application/json; charset=utf-8
Date: Sat, 20 Aug 2022 15:49:23 GMT
Server: Microsoft-IIS/10.0
Cache-Control: private
Content-Encoding: gzip
Set-Cookie: Nop.customer=8711c86e-0e15-48e5-b074-ead73f0070fc; expires=Sun, 20-Aug-2023 15:49:23 GMT; path=/; HttpOnly
Set-Cookie: ARRAffinity=92eb765899e80d8de4d490df907547e5cb10de899e8b754a4d5fa1a7122fad69;Path=/;HttpOnly;Domain=demowebshop.tricentis.com
Vary: Accept-Encoding
X-AspNetMvc-Version: 5.2
X-AspNet-Version: 4.0.30319
X-Powered-By: ASP.NET

{
    "success": true,
    "message": "The product has been added to your <a href=\"/cart\">shopping cart</a>",
    "updatetopcartsectionhtml": "(1)",
    "updateflyoutcartsectionhtml": "<div id=\"flyout-cart\" class=\"flyout-cart\">\r\n    <div class=\"mini-shopping-cart\">\r\n        <div class=\"count\">\r\nThere are <a href=\"/cart\" class=\"items\">1 item(s)</a> in your cart.        </div>\r\n            <div class=\"items\">\r\n                    <div class=\"item first\">\r\n                            <div class=\"picture\">\r\n                                <a href=\"/computing-and-internet\" title=\"Show details for Computing and Internet\">\r\n                                    <img alt=\"Picture of Computing and Internet\" src=\"http://demowebshop.tricentis.com/content/images/thumbs/0000130_computing-and-internet_47.jpeg\" title=\"Show details for Computing and Internet\" />\r\n                                </a>\r\n                            </div>\r\n                        <div class=\"product\">\r\n                            <div class=\"name\">\r\n                                <a href=\"/computing-and-internet\">Computing and Internet</a>\r\n                            </div>\r\n                            <div class=\"price\">Unit price: <span>10.00</span></div>\r\n                            <div class=\"quantity\">Quantity: <span>1</span></div>\r\n                        </div>\r\n                    </div>\r\n            </div>\r\n            <div class=\"totals\">Sub-Total: <strong>10.00</strong></div>\r\n            <div class=\"buttons\">\r\n                    <input type=\"button\" value=\"Go to cart\" class=\"button-1 cart-button\" onclick=\"setLocation('/cart')\" />\r\n                            </div>\r\n    </div>\r\n</div>\r\n"
}
Request method:	POST
Request URI:	http://demowebshop.tricentis.com/login
Proxy:			<none>
Request params:	<none>
Query params:	<none>
Form params:	Email=testAna@example.com
				Password=123456
Path params:	<none>
Headers:		Accept=*/*
				Content-Type=application/x-www-form-urlencoded; charset=UTF-8
Cookies:		<none>
Multiparts:		<none>
Body:			<none>
HTTP/1.1 302 Found
Content-Length: 118
Content-Type: text/html; charset=utf-8
Date: Sat, 20 Aug 2022 15:49:24 GMT
Server: Microsoft-IIS/10.0
Cache-Control: private
Location: /
Set-Cookie: Nop.customer=1161d481-1a39-4f0f-ad5c-c9b8d1eb845d; expires=Sun, 20-Aug-2023 15:49:25 GMT; path=/; HttpOnly
Set-Cookie: NOPCOMMERCE.AUTH=F834E3ECDE4617ED6354EC5CC3383AE68E12DA423FB8363C3A7973A940EA9AA5B2142D911433B6C765E2A773B4FAA63AA946903BC850A38751C2BA90D30190E4934D7C38DC42A768FB6C1F2D9AF79A05146C7A77422072E887FDFCB0BCE228B27A9785C800B456005D45FE4F7408A59C24CFADCDAE8A651A871436B514F499DDAA69901A13284C4C8E6D83B249B18CE5DA516D4CF9456BEC58D4E180E186065F; path=/; HttpOnly
Set-Cookie: ARRAffinity=92eb765899e80d8de4d490df907547e5cb10de899e8b754a4d5fa1a7122fad69;Path=/;HttpOnly;Domain=demowebshop.tricentis.com
X-AspNetMvc-Version: 5.2
X-AspNet-Version: 4.0.30319
X-Powered-By: ASP.NET

<html>
  <head>
    <title>Object moved</title>
  </head>
  <body>
    <h2>
Object moved to       <a shape="rect" href="/">here</a>
.    </h2>
  </body>
</html>
]]></system-out>
  <system-err><![CDATA[[Test worker] INFO com.codeborne.selenide.impl.WebDriverThreadLocalContainer - No webdriver is bound to current thread: 1 - let's create a new webdriver
Aug 20, 2022 6:49:05 PM org.openqa.selenium.remote.ProtocolHandshake createSession
INFO: Detected dialect: W3C
[Test worker] INFO com.codeborne.selenide.webdriver.BrowserResizer - Set browser size to 1800x900
[Test worker] INFO com.codeborne.selenide.webdriver.WebDriverFactory - BrowserName=chrome Version=100.0.4896.60 Platform=LINUX
[Test worker] INFO com.codeborne.selenide.webdriver.WebDriverFactory - Selenide v. 6.5.0
[Test worker] INFO com.codeborne.selenide.webdriver.WebDriverFactory - Selenium WebDriver v. 4.1.4 build revision: 535d840ee2
[Test worker] INFO com.codeborne.selenide.drivercommands.CreateDriverCommand - Created webdriver in thread 1: RemoteWebDriver -> RemoteWebDriver: chrome on LINUX (4b265d78848043cc48f2839e62a3d79e)
[Test worker] INFO com.codeborne.selenide.impl.WebDriverThreadLocalContainer - Browser and proxy will stay open due to holdBrowserOpen=true: 1 -> RemoteWebDriver: chrome on LINUX (4b265d78848043cc48f2839e62a3d79e), null
]]></system-err>
</testsuite>
